c:\users\pendr\documents\github\raknet-master\nicholas-emptyraknet\raknetempty\raknetempty\debug\vc141.pdb
c:\users\pendr\documents\github\raknet-master\nicholas-emptyraknet\raknetempty\raknetempty\debug\vc141.idb
c:\users\pendr\documents\github\raknet-master\nicholas-emptyraknet\raknetempty\raknetempty\debug\main.obj
c:\users\pendr\documents\github\raknet-master\nicholas-emptyraknet\raknetempty\debug\raknetempty.pdb
c:\users\pendr\documents\github\raknet-master\nicholas-emptyraknet\raknetempty\raknetempty\debug\raknetempty.tlog\cl.command.1.tlog
c:\users\pendr\documents\github\raknet-master\nicholas-emptyraknet\raknetempty\raknetempty\debug\raknetempty.tlog\cl.read.1.tlog
c:\users\pendr\documents\github\raknet-master\nicholas-emptyraknet\raknetempty\raknetempty\debug\raknetempty.tlog\cl.write.1.tlog
c:\users\pendr\documents\github\raknet-master\nicholas-emptyraknet\raknetempty\raknetempty\debug\raknetempty.tlog\link-cvtres.read.1.tlog
c:\users\pendr\documents\github\raknet-master\nicholas-emptyraknet\raknetempty\raknetempty\debug\raknetempty.tlog\link-cvtres.write.1.tlog
c:\users\pendr\documents\github\raknet-master\nicholas-emptyraknet\raknetempty\raknetempty\debug\raknetempty.tlog\link-rc.read.1.tlog
c:\users\pendr\documents\github\raknet-master\nicholas-emptyraknet\raknetempty\raknetempty\debug\raknetempty.tlog\link-rc.write.1.tlog
c:\users\pendr\documents\github\raknet-master\nicholas-emptyraknet\raknetempty\raknetempty\debug\raknetempty.tlog\link.14700-cvtres.read.1.tlog
c:\users\pendr\documents\github\raknet-master\nicholas-emptyraknet\raknetempty\raknetempty\debug\raknetempty.tlog\link.14700-cvtres.write.1.tlog
c:\users\pendr\documents\github\raknet-master\nicholas-emptyraknet\raknetempty\raknetempty\debug\raknetempty.tlog\link.14700-rc.read.1.tlog
c:\users\pendr\documents\github\raknet-master\nicholas-emptyraknet\raknetempty\raknetempty\debug\raknetempty.tlog\link.14700-rc.write.1.tlog
c:\users\pendr\documents\github\raknet-master\nicholas-emptyraknet\raknetempty\raknetempty\debug\raknetempty.tlog\link.14700.read.1.tlog
c:\users\pendr\documents\github\raknet-master\nicholas-emptyraknet\raknetempty\raknetempty\debug\raknetempty.tlog\link.14700.write.1.tlog
c:\users\pendr\documents\github\raknet-master\nicholas-emptyraknet\raknetempty\raknetempty\debug\raknetempty.tlog\link.command.1.tlog
c:\users\pendr\documents\github\raknet-master\nicholas-emptyraknet\raknetempty\raknetempty\debug\raknetempty.tlog\link.read.1.tlog
c:\users\pendr\documents\github\raknet-master\nicholas-emptyraknet\raknetempty\raknetempty\debug\raknetempty.tlog\link.write.1.tlog
